demo/platforms/tempPlugin/nativescript_text_justify/build/outputs/logs/manifest-merger-release-report.txt
-- Merging decision tree log ---
manifest
ADDED from src/main/AndroidManifest.xml:2:1-124
INJECTED from src/main/AndroidManifest.xml:2:1-124
INJECTED from src/main/AndroidManifest.xml:2:1-124
INJECTED from src/main/AndroidManifest.xml:2:1-124
INJECTED from src/main/AndroidManifest.xml:2:1-124
INJECTED from src/main/AndroidManifest.xml:2:1-124
INJECTED from src/main/AndroidManifest.xml:2:1-124
	package
		ADDED from src/main/AndroidManifest.xml:2:70-122
		INJECTED from src/main/AndroidManifest.xml
		INJECTED from src/main/AndroidManifest.xml
	android:versionName
		INJECTED from src/main/AndroidManifest.xml
		ADDED from src/main/AndroidManifest.xml:2:1-124
		INJECTED from src/main/AndroidManifest.xml
	android:versionCode
		INJECTED from src/main/AndroidManifest.xml
		ADDED from src/main/AndroidManifest.xml:2:1-124
		INJECTED from src/main/AndroidManifest.xml
	xmlns:android
		ADDED from src/main/AndroidManifest.xml:2:11-69
uses-sdk
INJECTED from src/main/AndroidManifest.xml reason: use-sdk injection requested
INJECTED from src/main/AndroidManifest.xml
INJECTED from src/main/AndroidManifest.xml
	android:targetSdkVersion
		INJECTED from src/main/AndroidManifest.xml
		ADDED from src/main/AndroidManifest.xml
		INJECTED from src/main/AndroidManifest.xml